#
# There is insufficient memory for the Java Runtime Environment to continue.
# Native memory allocation (mmap) failed to map 266338304 bytes for G1 virtual space
# Possible reasons:
#   The system is out of physical RAM or swap space
#   The process is running with CompressedOops enabled, and the Java Heap may be blocking the growth of the native heap
# Possible solutions:
#   Reduce memory load on the system
#   Increase physical memory or swap space
#   Check if swap backing store is full
#   Decrease Java heap size (-Xmx/-Xms)
#   Decrease number of Java threads
#   Decrease Java thread stack sizes (-Xss)
#   Set larger code cache with -XX:ReservedCodeCacheSize=
#   JVM is running with Zero Based Compressed Oops mode in which the Java heap is
#     placed in the first 32GB address space. The Java Heap base address is the
#     maximum limit for the native heap growth. Please use -XX:HeapBaseMinAddress
#     to set the Java Heap base and to place the Java Heap above 32GB virtual address.
# This output file may be truncated or incomplete.
#
#  Out of Memory Error (os_windows.cpp:3769), pid=21968, tid=31268
#
# JRE version:  (17.0.6+1) (build )
# Java VM: OpenJDK 64-Bit Server VM (17.0.6+1-b653.34, mixed mode, sharing, tiered, compressed oops, compressed class ptrs, g1 gc, windows-amd64)
# No core dump will be written. Minidumps are not enabled by default on client versions of Windows
#

---------------  S U M M A R Y ------------

Command Line: git4idea.http.GitAskPassApp Username for 'https://git.wa-llet.com': 

Host: Intel(R) Core(TM) i7-7820HQ CPU @ 2.90GHz, 8 cores, 15G,  Windows 10 , 64 bit Build 19041 (10.0.19041.3155)
Time: Tue Sep 26 17:43:14 2023 Est (heure d, 64 bit Build 19041 (10.0.19041.3155) elapsed time: 0.027232 seconds (0d 0h 0m 0s)

---------------  T H R E A D  ---------------

Current thread (0x000001f5b7670dc0):  JavaThread "Unknown thread" [_thread_in_vm, id=31268, stack(0x0000001e88800000,0x0000001e88900000)]

Stack: [0x0000001e88800000,0x0000001e88900000]
Native frames: (J=compiled Java code, j=interpreted, Vv=VM code, C=native code)
V  [jvm.dll+0x683b4a]
V  [jvm.dll+0x842654]
V  [jvm.dll+0x843dfe]
V  [jvm.dll+0x844463]
V  [jvm.dll+0x249b75]
V  [jvm.dll+0x680a19]
V  [jvm.dll+0x674f0a]
V  [jvm.dll+0x309acb]
V  [jvm.dll+0x310f86]
V  [jvm.dll+0x3608ee]
V  [jvm.dll+0x360b1f]
V  [jvm.dll+0x2dfbf8]
V  [jvm.dll+0x2e0b64]
V  [jvm.dll+0x813f41]
V  [jvm.dll+0x36e6a1]
V  [jvm.dll+0x7f347c]
V  [jvm.dll+0x3f0e8f]
V  [jvm.dll+0x3f29d1]
C  [jli.dll+0x526b]
C  [ucrtbase.dll+0x21bb2]
C  [KERNEL32.DLL+0x17614]
C  [ntdll.dll+0x526b1]


---------------  P R O C E S S  ---------------

Threads class SMR info:
_java_thread_list=0x00007ffafe82c058, length=0, elements={
}

Java Threads: ( => current thread )

Other Threads:
  0x000001f5b76ddc10 GCTaskThread "GC Thread#0" [stack: 0x0000001e88900000,0x0000001e88a00000] [id=28916]
  0x000001f5b76ef8b0 ConcurrentGCThread "G1 Main Marker" [stack: 0x0000001e88a00000,0x0000001e88b00000] [id=27736]
  0x000001f5b76f0a60 ConcurrentGCThread "G1 Conc#0" [stack: 0x0000001e88b00000,0x0000001e88c00000] [id=22936]

[error occurred during error reporting (printing all threads), id 0xc0000005, EXCEPTION_ACCESS_VIOLATION (0xc0000005) at pc=0x00007ffafdfe0797]

VM state: not at safepoint (not fully initialized)

VM Mutex/Monitor currently owned by a thread:  ([mutex/lock_event])
[0x000001f5b766df30] Heap_lock - owner thread: 0x000001f5b7670dc0

Heap address: 0x0000000702a00000, size: 4054 MB, Compressed Oops mode: Zero based, Oop shift amount: 3

CDS archive(s) mapped at: [0x0000000000000000-0x0000000000000000-0x0000000000000000), size 0, SharedBaseAddress: 0x0000000800000000, ArchiveRelocationMode: 0.
Narrow klass base: 0x0000000000000000, Narrow klass shift: 0, Narrow klass range: 0x0

GC Precious Log:
<Empty>

Heap:
 garbage-first heap   total 0K, used 0K [0x0000000702a00000, 0x0000000800000000)
  region size 2048K, 0 young (0K), 0 survivors (0K)

[error occurred during error reporting (printing heap information), id 0xc0000005, EXCEPTION_ACCESS_VIOLATION (0xc0000005) at pc=0x00007ffafe3cd939]

GC Heap History (0 events):
No events

Dll operation events (1 events):
Event: 0.018 Loaded shared library C:\Program Files\JetBrains\IntelliJ IDEA Community Edition 2022.3.3\jbr\bin\java.dll

Deoptimization events (0 events):
No events

Classes unloaded (0 events):
No events

Classes redefined (0 events):
No events

Internal exceptions (0 events):
No events

VM Operations (0 events):
No events

Events (0 events):
No events


Dynamic libraries:
0x00007ff7c5c30000 - 0x00007ff7c5c3a000 	C:\Program Files\JetBrains\IntelliJ IDEA Community Edition 2022.3.3\jbr\bin\java.exe
0x00007ffb55a30000 - 0x00007ffb55c28000 	C:\WINDOWS\SYSTEM32\ntdll.dll
0x00007ffb554b0000 - 0x00007ffb5556f000 	C:\WINDOWS\System32\KERNEL32.DLL
0x00007ffb53350000 - 0x00007ffb53646000 	C:\WINDOWS\System32\KERNELBASE.dll
0x00007ffb53760000 - 0x00007ffb53860000 	C:\WINDOWS\System32\ucrtbase.dll
0x00007ffb339e0000 - 0x00007ffb339f7000 	C:\Program Files\JetBrains\IntelliJ IDEA Community Edition 2022.3.3\jbr\bin\jli.dll
0x00007ffb24350000 - 0x00007ffb2436b000 	C:\Program Files\JetBrains\IntelliJ IDEA Community Edition 2022.3.3\jbr\bin\VCRUNTIME140.dll
0x00007ffb54770000 - 0x00007ffb5490d000 	C:\WINDOWS\System32\USER32.dll
0x00007ffb53110000 - 0x00007ffb53132000 	C:\WINDOWS\System32\win32u.dll
0x00007ffb3f940000 - 0x00007ffb3fbda000 	C:\WINDOWS\WinSxS\amd64_microsoft.windows.common-controls_6595b64144ccf1df_6.0.19041.1110_none_60b5254171f9507e\COMCTL32.dll
0x00007ffb54910000 - 0x00007ffb5493c000 	C:\WINDOWS\System32\GDI32.dll
0x00007ffb54dc0000 - 0x00007ffb54e5e000 	C:\WINDOWS\System32\msvcrt.dll
0x00007ffb538e0000 - 0x00007ffb539f5000 	C:\WINDOWS\System32\gdi32full.dll
0x00007ffb536c0000 - 0x00007ffb5375d000 	C:\WINDOWS\System32\msvcp_win.dll
0x00007ffb556a0000 - 0x00007ffb556d0000 	C:\WINDOWS\System32\IMM32.DLL
0x000001f5b55d0000 - 0x000001f5b55e4000 	C:\WINDOWS\System32\umppc17010.dll
0x00007ffb4ba00000 - 0x00007ffb4ba0c000 	C:\Program Files\JetBrains\IntelliJ IDEA Community Edition 2022.3.3\jbr\bin\vcruntime140_1.dll
0x00007ffae9180000 - 0x00007ffae920d000 	C:\Program Files\JetBrains\IntelliJ IDEA Community Edition 2022.3.3\jbr\bin\msvcp140.dll
0x00007ffafdcf0000 - 0x00007ffafe95d000 	C:\Program Files\JetBrains\IntelliJ IDEA Community Edition 2022.3.3\jbr\bin\server\jvm.dll
0x00007ffb54940000 - 0x00007ffb549ef000 	C:\WINDOWS\System32\ADVAPI32.dll
0x00007ffb556d0000 - 0x00007ffb5576c000 	C:\WINDOWS\System32\sechost.dll
0x00007ffb55570000 - 0x00007ffb55696000 	C:\WINDOWS\System32\RPCRT4.dll
0x00007ffb3b0c0000 - 0x00007ffb3b0c9000 	C:\WINDOWS\SYSTEM32\WSOCK32.dll
0x00007ffb54d50000 - 0x00007ffb54dbb000 	C:\WINDOWS\System32\WS2_32.dll
0x00007ffb3eca0000 - 0x00007ffb3ecc7000 	C:\WINDOWS\SYSTEM32\WINMM.dll
0x00007ffb4bf10000 - 0x00007ffb4bf1a000 	C:\WINDOWS\SYSTEM32\VERSION.dll
0x00007ffb51980000 - 0x00007ffb51992000 	C:\WINDOWS\SYSTEM32\kernel.appcore.dll
0x00007ffb3d200000 - 0x00007ffb3d20a000 	C:\Program Files\JetBrains\IntelliJ IDEA Community Edition 2022.3.3\jbr\bin\jimage.dll
0x00007ffb51300000 - 0x00007ffb514e4000 	C:\WINDOWS\SYSTEM32\DBGHELP.DLL
0x00007ffb3a360000 - 0x00007ffb3a394000 	C:\WINDOWS\SYSTEM32\dbgcore.DLL
0x00007ffb53a00000 - 0x00007ffb53a82000 	C:\WINDOWS\System32\bcryptPrimitives.dll
0x00007ffb3d100000 - 0x00007ffb3d125000 	C:\Program Files\JetBrains\IntelliJ IDEA Community Edition 2022.3.3\jbr\bin\java.dll

dbghelp: loaded successfully - version: 4.0.5 - missing functions: none
symbol engine: initialized successfully - sym options: 0x614 - pdb path: .;C:\Program Files\JetBrains\IntelliJ IDEA Community Edition 2022.3.3\jbr\bin;C:\WINDOWS\SYSTEM32;C:\WINDOWS\WinSxS\amd64_microsoft.windows.common-controls_6595b64144ccf1df_6.0.19041.1110_none_60b5254171f9507e;C:\Program Files\JetBrains\IntelliJ IDEA Community Edition 2022.3.3\jbr\bin\server

VM Arguments:
java_command: git4idea.http.GitAskPassApp Username for 'https://git.wa-llet.com': 
java_class_path (initial): C:/Program Files/JetBrains/IntelliJ IDEA Community Edition 2022.3.3/plugins/vcs-git/lib/git4idea-rt.jar;C:/Program Files/JetBrains/IntelliJ IDEA Community Edition 2022.3.3/lib/externalProcess-rt.jar;C:/Program Files/JetBrains/IntelliJ IDEA Community Edition 2022.3.3/lib/app.jar;C:/Program Files/JetBrains/IntelliJ IDEA Community Edition 2022.3.3/lib/3rd-party-rt.jar
Launcher Type: SUN_STANDARD

[Global flags]
     intx CICompilerCount                          = 4                                         {product} {ergonomic}
     uint ConcGCThreads                            = 2                                         {product} {ergonomic}
     uint G1ConcRefinementThreads                  = 8                                         {product} {ergonomic}
   size_t G1HeapRegionSize                         = 2097152                                   {product} {ergonomic}
    uintx GCDrainStackTargetSize                   = 64                                        {product} {ergonomic}
   size_t InitialHeapSize                          = 266338304                                 {product} {ergonomic}
   size_t MarkStackSize                            = 4194304                                   {product} {ergonomic}
   size_t MaxHeapSize                              = 4250927104                                {product} {ergonomic}
   size_t MinHeapDeltaBytes                        = 2097152                                   {product} {ergonomic}
   size_t MinHeapSize                              = 8388608                                   {product} {ergonomic}
    uintx NonNMethodCodeHeapSize                   = 5839372                                {pd product} {ergonomic}
    uintx NonProfiledCodeHeapSize                  = 122909434                              {pd product} {ergonomic}
    uintx ProfiledCodeHeapSize                     = 122909434                              {pd product} {ergonomic}
    uintx ReservedCodeCacheSize                    = 251658240                              {pd product} {ergonomic}
     bool SegmentedCodeCache                       = true                                      {product} {ergonomic}
   size_t SoftMaxHeapSize                          = 4250927104                             {manageable} {ergonomic}
     bool UseCompressedClassPointers               = true                           {product lp64_product} {ergonomic}
     bool UseCompressedOops                        = true                           {product lp64_product} {ergonomic}
     bool UseG1GC                                  = true                                      {product} {ergonomic}
     bool UseLargePagesIndividualAllocation        = false                                  {pd product} {ergonomic}

Logging:
Log output configuration:
 #0: stdout all=warning uptime,level,tags
 #1: stderr all=off uptime,level,tags

Environment Variables:
JAVA_HOME=C:\Program Files\Java\jdk-17.0.4.1
PATH=C:\Program Files\Git\mingw64\libexec\git-core;C:\Program Files\Git\mingw64\libexec\git-core;C:\Program Files\Git\mingw64\bin;C:\Program Files\Git\usr\bin;C:\Users\yves.tondjebinam\bin;C:\Program Files\Common Files\Oracle\Java\javapath;C:\WINDOWS\system32;C:\WINDOWS;C:\WINDOWS\System32\Wbem;C:\WINDOWS\System32\WindowsPowerShell\v1.0;C:\Program Files (x86)\NVIDIA Corporation\PhysX\Common;C:\WINDOWS\system32;C:\WINDOWS;C:\WINDOWS\System32\Wbem;C:\WINDOWS\System32\WindowsPowerShell\v1.0;C:\WINDOWS\System32\OpenSSH;C:\Program Files (x86)\Sennheiser\SenncomSDK;C:\Program Files\Git\cmd;C:\projets\Nouveau dossier\apache-maven-3.9.1\bin;C:\Program Files\nodejs;C:\projets\Nouveau dossier\gradle\bin;C:\Users\yves.tondjebinam\AppData\Local\Microsoft\WindowsApps;C:\flutter\bin;C:\Program Files\JetBrains\IntelliJ IDEA Community Edition 2022.3.3\bin;C:\Users\yves.tondjebinam\AppData\Roaming\npm;C:\Users\yves.tondjebinam\AppData\Local\Programs\Microsoft VS Code\bin
USERNAME=yves.tondjebinam
DISPLAY=:0.0
LC_ALL=en_US.UTF-8
TERM=xterm-256color
TMPDIR=C:\Users\YVES~1.TON\AppData\Local\Temp
OS=Windows_NT
PROCESSOR_IDENTIFIER=Intel64 Family 6 Model 158 Stepping 9, GenuineIntel
TMP=C:\Users\YVES~1.TON\AppData\Local\Temp
TEMP=C:\Users\YVES~1.TON\AppData\Local\Temp



---------------  S Y S T E M  ---------------

OS:
 Windows 10 , 64 bit Build 19041 (10.0.19041.3155)
OS uptime: 27 days 7:46 hours

CPU: total 8 (initial active 8) (4 cores per cpu, 2 threads per core) family 6 model 158 stepping 9 microcode 0xde, cx8, cmov, fxsr, ht, mmx, 3dnowpref, sse, sse2, sse3, ssse3, sse4.1, sse4.2, popcnt, lzcnt, tsc, tscinvbit, avx, avx2, aes, erms, clmul, bmi1, bmi2, rtm, adx, fma, vzeroupper, clflush, clflushopt

Memory: 4k page, system-wide physical 16212M (770M free)
TotalPageFile size 65321M (AvailPageFile size 177M)
current process WorkingSet (physical memory assigned to process): 10M, peak: 10M
current process commit charge ("private bytes"): 60M, peak: 314M

vm_info: OpenJDK 64-Bit Server VM (17.0.6+1-b653.34) for windows-amd64 JRE (17.0.6+1-b653.34), built on 2023-02-24 by "builduser" with MS VC++ 16.10 / 16.11 (VS2019)

END.
